# JRE version: 7.0_05-b06
# Java VM: Java HotSpot(TM) Client VM (23.1-b03 mixed mode windows-x86 )
Heap
 def new generation   total 4928K, used 4148K [0x03960000, 0x03eb0000, 0x08eb0000)
  eden space 4416K,  82% used [0x03960000, 0x03ced028, 0x03db0000)
  from space 512K, 100% used [0x03e30000, 0x03eb0000, 0x03eb0000)
  to   space 512K,   0% used [0x03db0000, 0x03db0000, 0x03e30000)
 tenured generation   total 10944K, used 2686K [0x08eb0000, 0x09960000, 0x13960000)
   the space 10944K,  24% used [0x08eb0000, 0x0914fb30, 0x0914fc00, 0x09960000)
 compacting perm gen  total 12288K, used 6193K [0x13960000, 0x14560000, 0x17960000)
   the space 12288K,  50% used [0x13960000, 0x13f6c688, 0x13f6c800, 0x14560000)
GC Heap History (6 events):
Event: 0.304 GC heap before
{Heap before GC invocations=0 (full 0):
 def new generation   total 4928K, used 4416K [0x03960000, 0x03eb0000, 0x08eb0000)
  eden space 4416K, 100% used [0x03960000, 0x03db0000, 0x03db0000)
  from space 512K,   0% used [0x03db0000, 0x03db0000, 0x03e30000)
  to   space 512K,   0% used [0x03e30000, 0x03e30000, 0x03eb0000)
 tenured generation   total 10944K, used 0K [0x08eb0000, 0x09960000, 0x13960000)
   the space 10944K,   0% used [0x08eb0000, 0x08eb0000, 0x08eb0200, 0x09960000)
 compacting perm gen  total 12288K, used 3394K [0x13960000, 0x14560000, 0x17960000)
   the space 12288K,  27% used [0x13960000, 0x13cb08a8, 0x13cb0a00, 0x14560000)
No shared spaces configured.
Event: 0.310 GC heap after
Heap after GC invocations=1 (full 0):
 def new generation   total 4928K, used 512K [0x03960000, 0x03eb0000, 0x08eb0000)
  eden space 4416K,   0% used [0x03960000, 0x03960000, 0x03db0000)
  from space 512K, 100% used [0x03e30000, 0x03eb0000, 0x03eb0000)
  to   space 512K,   0% used [0x03db0000, 0x03db0000, 0x03e30000)
 tenured generation   total 10944K, used 866K [0x08eb0000, 0x09960000, 0x13960000)
   the space 10944K,   7% used [0x08eb0000, 0x08f88b38, 0x08f88c00, 0x09960000)
 compacting perm gen  total 12288K, used 3394K [0x13960000, 0x14560000, 0x17960000)
   the space 12288K,  27% used [0x13960000, 0x13cb08a8, 0x13cb0a00, 0x14560000)
No shared spaces configured.
}
Event: 0.413 GC heap before
{Heap before GC invocations=1 (full 0):
 def new generation   total 4928K, used 4928K [0x03960000, 0x03eb0000, 0x08eb0000)
  eden space 4416K, 100% used [0x03960000, 0x03db0000, 0x03db0000)
  from space 512K, 100% used [0x03e30000, 0x03eb0000, 0x03eb0000)
  to   space 512K,   0% used [0x03db0000, 0x03db0000, 0x03e30000)
 tenured generation   total 10944K, used 866K [0x08eb0000, 0x09960000, 0x13960000)
   the space 10944K,   7% used [0x08eb0000, 0x08f88b38, 0x08f88c00, 0x09960000)
 compacting perm gen  total 12288K, used 4269K [0x13960000, 0x14560000, 0x17960000)
   the space 12288K,  34% used [0x13960000, 0x13d8b600, 0x13d8b600, 0x14560000)
No shared spaces configured.
Event: 0.419 GC heap after
Heap after GC invocations=2 (full 0):
 def new generation   total 4928K, used 512K [0x03960000, 0x03eb0000, 0x08eb0000)
  eden space 4416K,   0% used [0x03960000, 0x03960000, 0x03db0000)
  from space 512K, 100% used [0x03db0000, 0x03e30000, 0x03e30000)
  to   space 512K,   0% used [0x03e30000, 0x03e30000, 0x03eb0000)
 tenured generation   total 10944K, used 1620K [0x08eb0000, 0x09960000, 0x13960000)
   the space 10944K,  14% used [0x08eb0000, 0x09045378, 0x09045400, 0x09960000)
 compacting perm gen  total 12288K, used 4269K [0x13960000, 0x14560000, 0x17960000)
   the space 12288K,  34% used [0x13960000, 0x13d8b600, 0x13d8b600, 0x14560000)
No shared spaces configured.
}
Event: 0.856 GC heap before
{Heap before GC invocations=2 (full 0):
 def new generation   total 4928K, used 4928K [0x03960000, 0x03eb0000, 0x08eb0000)
  eden space 4416K, 100% used [0x03960000, 0x03db0000, 0x03db0000)
  from space 512K, 100% used [0x03db0000, 0x03e30000, 0x03e30000)
  to   space 512K,   0% used [0x03e30000, 0x03e30000, 0x03eb0000)
 tenured generation   total 10944K, used 1620K [0x08eb0000, 0x09960000, 0x13960000)
   the space 10944K,  14% used [0x08eb0000, 0x09045378, 0x09045400, 0x09960000)
 compacting perm gen  total 12288K, used 5616K [0x13960000, 0x14560000, 0x17960000)
   the space 12288K,  45% used [0x13960000, 0x13edc150, 0x13edc200, 0x14560000)
No shared spaces configured.
Event: 0.861 GC heap after
Heap after GC invocations=3 (full 0):
 def new generation   total 4928K, used 512K [0x03960000, 0x03eb0000, 0x08eb0000)
  eden space 4416K,   0% used [0x03960000, 0x03960000, 0x03db0000)
  from space 512K, 100% used [0x03e30000, 0x03eb0000, 0x03eb0000)
  to   space 512K,   0% used [0x03db0000, 0x03db0000, 0x03e30000)
 tenured generation   total 10944K, used 2686K [0x08eb0000, 0x09960000, 0x13960000)
   the space 10944K,  24% used [0x08eb0000, 0x0914fb30, 0x0914fc00, 0x09960000)
 compacting perm gen  total 12288K, used 5616K [0x13960000, 0x14560000, 0x17960000)
   the space 12288K,  45% used [0x13960000, 0x13edc150, 0x13edc200, 0x14560000)
No shared spaces configured.
}

