# JRE version: 7.0_05-b06
# Java VM: Java HotSpot(TM) Client VM (23.1-b03 mixed mode windows-x86 )
Heap
 def new generation   total 4928K, used 4209K [0x039d0000, 0x03f20000, 0x08f20000)
  eden space 4416K,  83% used [0x039d0000, 0x03d6c630, 0x03e20000)
  from space 512K, 100% used [0x03ea0000, 0x03f20000, 0x03f20000)
  to   space 512K,   0% used [0x03e20000, 0x03e20000, 0x03ea0000)
 tenured generation   total 10944K, used 2679K [0x08f20000, 0x099d0000, 0x139d0000)
   the space 10944K,  24% used [0x08f20000, 0x091bdf80, 0x091be000, 0x099d0000)
 compacting perm gen  total 12288K, used 6223K [0x139d0000, 0x145d0000, 0x179d0000)
   the space 12288K,  50% used [0x139d0000, 0x13fe3f10, 0x13fe4000, 0x145d0000)
GC Heap History (6 events):
Event: 0.273 GC heap before
{Heap before GC invocations=0 (full 0):
 def new generation   total 4928K, used 4416K [0x039d0000, 0x03f20000, 0x08f20000)
  eden space 4416K, 100% used [0x039d0000, 0x03e20000, 0x03e20000)
  from space 512K,   0% used [0x03e20000, 0x03e20000, 0x03ea0000)
  to   space 512K,   0% used [0x03ea0000, 0x03ea0000, 0x03f20000)
 tenured generation   total 10944K, used 0K [0x08f20000, 0x099d0000, 0x139d0000)
   the space 10944K,   0% used [0x08f20000, 0x08f20000, 0x08f20200, 0x099d0000)
 compacting perm gen  total 12288K, used 3394K [0x139d0000, 0x145d0000, 0x179d0000)
   the space 12288K,  27% used [0x139d0000, 0x13d20a38, 0x13d20c00, 0x145d0000)
No shared spaces configured.
Event: 0.278 GC heap after
Heap after GC invocations=1 (full 0):
 def new generation   total 4928K, used 512K [0x039d0000, 0x03f20000, 0x08f20000)
  eden space 4416K,   0% used [0x039d0000, 0x039d0000, 0x03e20000)
  from space 512K, 100% used [0x03ea0000, 0x03f20000, 0x03f20000)
  to   space 512K,   0% used [0x03e20000, 0x03e20000, 0x03ea0000)
 tenured generation   total 10944K, used 866K [0x08f20000, 0x099d0000, 0x139d0000)
   the space 10944K,   7% used [0x08f20000, 0x08ff8a60, 0x08ff8c00, 0x099d0000)
 compacting perm gen  total 12288K, used 3394K [0x139d0000, 0x145d0000, 0x179d0000)
   the space 12288K,  27% used [0x139d0000, 0x13d20a38, 0x13d20c00, 0x145d0000)
No shared spaces configured.
}
Event: 0.380 GC heap before
{Heap before GC invocations=1 (full 0):
 def new generation   total 4928K, used 4928K [0x039d0000, 0x03f20000, 0x08f20000)
  eden space 4416K, 100% used [0x039d0000, 0x03e20000, 0x03e20000)
  from space 512K, 100% used [0x03ea0000, 0x03f20000, 0x03f20000)
  to   space 512K,   0% used [0x03e20000, 0x03e20000, 0x03ea0000)
 tenured generation   total 10944K, used 866K [0x08f20000, 0x099d0000, 0x139d0000)
   the space 10944K,   7% used [0x08f20000, 0x08ff8a60, 0x08ff8c00, 0x099d0000)
 compacting perm gen  total 12288K, used 4269K [0x139d0000, 0x145d0000, 0x179d0000)
   the space 12288K,  34% used [0x139d0000, 0x13dfb790, 0x13dfb800, 0x145d0000)
No shared spaces configured.
Event: 0.386 GC heap after
Heap after GC invocations=2 (full 0):
 def new generation   total 4928K, used 512K [0x039d0000, 0x03f20000, 0x08f20000)
  eden space 4416K,   0% used [0x039d0000, 0x039d0000, 0x03e20000)
  from space 512K, 100% used [0x03e20000, 0x03ea0000, 0x03ea0000)
  to   space 512K,   0% used [0x03ea0000, 0x03ea0000, 0x03f20000)
 tenured generation   total 10944K, used 1620K [0x08f20000, 0x099d0000, 0x139d0000)
   the space 10944K,  14% used [0x08f20000, 0x090b5070, 0x090b5200, 0x099d0000)
 compacting perm gen  total 12288K, used 4269K [0x139d0000, 0x145d0000, 0x179d0000)
   the space 12288K,  34% used [0x139d0000, 0x13dfb790, 0x13dfb800, 0x145d0000)
No shared spaces configured.
}
Event: 0.834 GC heap before
{Heap before GC invocations=2 (full 0):
 def new generation   total 4928K, used 4928K [0x039d0000, 0x03f20000, 0x08f20000)
  eden space 4416K, 100% used [0x039d0000, 0x03e20000, 0x03e20000)
  from space 512K, 100% used [0x03e20000, 0x03ea0000, 0x03ea0000)
  to   space 512K,   0% used [0x03ea0000, 0x03ea0000, 0x03f20000)
 tenured generation   total 10944K, used 1620K [0x08f20000, 0x099d0000, 0x139d0000)
   the space 10944K,  14% used [0x08f20000, 0x090b5070, 0x090b5200, 0x099d0000)
 compacting perm gen  total 12288K, used 5594K [0x139d0000, 0x145d0000, 0x179d0000)
   the space 12288K,  45% used [0x139d0000, 0x13f46ae0, 0x13f46c00, 0x145d0000)
No shared spaces configured.
Event: 0.841 GC heap after
Heap after GC invocations=3 (full 0):
 def new generation   total 4928K, used 512K [0x039d0000, 0x03f20000, 0x08f20000)
  eden space 4416K,   0% used [0x039d0000, 0x039d0000, 0x03e20000)
  from space 512K, 100% used [0x03ea0000, 0x03f20000, 0x03f20000)
  to   space 512K,   0% used [0x03e20000, 0x03e20000, 0x03ea0000)
 tenured generation   total 10944K, used 2679K [0x08f20000, 0x099d0000, 0x139d0000)
   the space 10944K,  24% used [0x08f20000, 0x091bdf80, 0x091be000, 0x099d0000)
 compacting perm gen  total 12288K, used 5594K [0x139d0000, 0x145d0000, 0x179d0000)
   the space 12288K,  45% used [0x139d0000, 0x13f46ae0, 0x13f46c00, 0x145d0000)
No shared spaces configured.
}

